000 (25992720.000.000) 05/29 16:27:26 Job submitted from host: <10.128.11.86:22112?addrs=10.128.11.86-22112>
...
009 (25992720.000.000) 05/29 16:29:25 Job was aborted by the user.
	via condor_rm (by user amedina)
...
000 (25992853.000.000) 05/29 16:29:46 Job submitted from host: <10.128.11.86:22112?addrs=10.128.11.86-22112>
...
001 (25992853.000.000) 05/29 16:30:27 Job executing on host: <10.128.10.120:33313?addrs=10.128.10.120-33313>
...
006 (25992853.000.000) 05/29 16:30:27 Image size of job updated: 2
	0  -  MemoryUsage of job (MB)
	0  -  ResidentSetSize of job (KB)
...
005 (25992853.000.000) 05/29 16:30:27 Job terminated.
	(1) Normal termination (return value 1)
		Usr 0 00:00:00, Sys 0 00:00:00  -  Run Remote Usage
		Usr 0 00:00:00, Sys 0 00:00:00  -  Run Local Usage
		Usr 0 00:00:00, Sys 0 00:00:00  -  Total Remote Usage
		Usr 0 00:00:00, Sys 0 00:00:00  -  Total Local Usage
	0  -  Run Bytes Sent By Job
	0  -  Run Bytes Received By Job
	0  -  Total Bytes Sent By Job
	0  -  Total Bytes Received By Job
	Partitionable Resources :    Usage  Request Allocated 
	   Admin_mutex_1         :                           0 
	   Admin_mutex_2         :                           0 
	   Admin_mutex_3         :                           0 
	   Cpus                  :                10        10 
	   Disk (KB)             :        2  1000000   1167994 
	   Gpus                  :                           0 
	   Machine_token         :                           0 
	   Memory (MB)           :        0     1000      1024 
...
000 (26069187.000.000) 05/30 13:23:49 Job submitted from host: <10.128.11.86:22112?addrs=10.128.11.86-22112>
...
001 (26069187.000.000) 05/30 13:25:12 Job executing on host: <10.128.10.57:43874?addrs=10.128.10.57-43874>
...
007 (26069187.000.000) 05/30 13:25:13 Shadow exception!
	Error from slot1_23@node128.icecube.wisc.edu: Failed to execute '/home/amedina/DNN_Project/script/Network/image_processing.py': (errno=20: 'Not a directory')
	0  -  Run Bytes Sent By Job
	0  -  Run Bytes Received By Job
...
012 (26069187.000.000) 05/30 13:25:13 Job was held.
	Error from slot1_23@node128.icecube.wisc.edu: Failed to execute '/home/amedina/DNN_Project/script/Network/image_processing.py': (errno=20: 'Not a directory')
	Code 6 Subcode 20
...
009 (26069187.000.000) 05/30 13:52:21 Job was aborted by the user.
	via condor_rm (by user amedina)
...
000 (26070308.000.000) 05/30 13:55:23 Job submitted from host: <10.128.11.86:22112?addrs=10.128.11.86-22112>
...
001 (26070308.000.000) 05/30 13:56:13 Job executing on host: <10.128.10.202:38190?addrs=10.128.10.202-38190>
...
006 (26070308.000.000) 05/30 13:56:13 Image size of job updated: 2
	0  -  MemoryUsage of job (MB)
	0  -  ResidentSetSize of job (KB)
...
005 (26070308.000.000) 05/30 13:56:13 Job terminated.
	(1) Normal termination (return value 1)
		Usr 0 00:00:00, Sys 0 00:00:00  -  Run Remote Usage
		Usr 0 00:00:00, Sys 0 00:00:00  -  Run Local Usage
		Usr 0 00:00:00, Sys 0 00:00:00  -  Total Remote Usage
		Usr 0 00:00:00, Sys 0 00:00:00  -  Total Local Usage
	0  -  Run Bytes Sent By Job
	0  -  Run Bytes Received By Job
	0  -  Total Bytes Sent By Job
	0  -  Total Bytes Received By Job
	Partitionable Resources :    Usage  Request Allocated 
	   Admin_mutex_1         :                           0 
	   Admin_mutex_2         :                           0 
	   Admin_mutex_3         :                           0 
	   Cpus                  :                10        10 
	   Disk (KB)             :        2  1000000   3452538 
	   Gpus                  :                           0 
	   Machine_token         :                           0 
	   Memory (MB)           :        0     1000      1024 
...
000 (26122278.000.000) 05/31 09:10:42 Job submitted from host: <10.128.11.86:22112?addrs=10.128.11.86-22112>
...
001 (26122278.000.000) 05/31 09:16:05 Job executing on host: <10.128.10.125:44652?addrs=10.128.10.125-44652>
...
006 (26122278.000.000) 05/31 09:16:14 Image size of job updated: 20868
	16  -  MemoryUsage of job (MB)
	16296  -  ResidentSetSize of job (KB)
...
006 (26122278.000.000) 05/31 09:16:40 Image size of job updated: 20868
	16  -  MemoryUsage of job (MB)
	16372  -  ResidentSetSize of job (KB)
...
005 (26122278.000.000) 05/31 09:16:40 Job terminated.
	(1) Normal termination (return value 1)
		Usr 0 00:00:00, Sys 0 00:00:00  -  Run Remote Usage
		Usr 0 00:00:00, Sys 0 00:00:00  -  Run Local Usage
		Usr 0 00:00:00, Sys 0 00:00:00  -  Total Remote Usage
		Usr 0 00:00:00, Sys 0 00:00:00  -  Total Local Usage
	0  -  Run Bytes Sent By Job
	0  -  Run Bytes Received By Job
	0  -  Total Bytes Sent By Job
	0  -  Total Bytes Received By Job
	Partitionable Resources :    Usage  Request Allocated 
	   Admin_mutex_1         :                           0 
	   Admin_mutex_2         :                           0 
	   Admin_mutex_3         :                           0 
	   Cpus                  :        0       10        10 
	   Disk (KB)             :        2  1000000   1167965 
	   Gpus                  :                           0 
	   Machine_token         :                           0 
	   Memory (MB)           :       16     1000      1000 
...
000 (26136517.000.000) 05/31 12:36:11 Job submitted from host: <10.128.11.86:22112?addrs=10.128.11.86-22112>
...
001 (26136517.000.000) 05/31 12:38:09 Job executing on host: <10.128.11.35:46828?addrs=10.128.11.35-46828>
...
006 (26136517.000.000) 05/31 12:38:18 Image size of job updated: 20952
	16  -  MemoryUsage of job (MB)
	15664  -  ResidentSetSize of job (KB)
...
005 (26136517.000.000) 05/31 12:38:51 Job terminated.
	(1) Normal termination (return value 1)
		Usr 0 00:00:01, Sys 0 00:00:01  -  Run Remote Usage
		Usr 0 00:00:00, Sys 0 00:00:00  -  Run Local Usage
		Usr 0 00:00:01, Sys 0 00:00:01  -  Total Remote Usage
		Usr 0 00:00:00, Sys 0 00:00:00  -  Total Local Usage
	0  -  Run Bytes Sent By Job
	0  -  Run Bytes Received By Job
	0  -  Total Bytes Sent By Job
	0  -  Total Bytes Received By Job
	Partitionable Resources :    Usage  Request Allocated 
	   Admin_mutex_1         :                           0 
	   Admin_mutex_2         :                           0 
	   Admin_mutex_3         :                           0 
	   Cpus                  :     0.06       10        10 
	   Disk (KB)             :     2     1000000   3323218 
	   Gpus                  :                           0 
	   Machine_token         :                           0 
	   Memory (MB)           :    16        1000      1024 
...
000 (26372402.000.000) 06/03 13:30:34 Job submitted from host: <10.128.11.86:22112?addrs=10.128.11.86-22112>
...
001 (26372402.000.000) 06/03 13:35:32 Job executing on host: <10.128.10.21:56968?addrs=10.128.10.21-56968>
...
006 (26372402.000.000) 06/03 13:35:40 Image size of job updated: 21016
	16  -  MemoryUsage of job (MB)
	15668  -  ResidentSetSize of job (KB)
...
007 (26372402.000.000) 06/03 13:36:04 Shadow exception!
	Error from slot1_16@node021.icecube.wisc.edu: Policy violation. Memory limit exceeded: requested 1000MB, used 1695MB.
	0  -  Run Bytes Sent By Job
	0  -  Run Bytes Received By Job
...
012 (26372402.000.000) 06/03 13:36:04 Job was held.
	Error from slot1_16@node021.icecube.wisc.edu: Policy violation. Memory limit exceeded: requested 1000MB, used 1695MB.
	Code 21 Subcode 1001
...
009 (26372402.000.000) 06/03 13:41:33 Job was aborted by the user.
	via condor_rm (by user amedina)
...
000 (26372516.000.000) 06/03 13:50:51 Job submitted from host: <10.128.11.86:22112?addrs=10.128.11.86-22112>
...
001 (26372516.000.000) 06/03 13:53:35 Job executing on host: <10.128.10.154:41701?addrs=10.128.10.154-41701>
...
006 (26372516.000.000) 06/03 13:53:44 Image size of job updated: 379120
	355  -  MemoryUsage of job (MB)
	362548  -  ResidentSetSize of job (KB)
...
000 (26372791.000.000) 06/03 13:57:09 Job submitted from host: <10.128.11.86:22112?addrs=10.128.11.86-22112>
...
009 (26372791.000.000) 06/03 13:57:35 Job was aborted by the user.
	via condor_rm (by user amedina)
...
006 (26372516.000.000) 06/03 13:58:44 Image size of job updated: 1424724
	1374  -  MemoryUsage of job (MB)
	1406852  -  ResidentSetSize of job (KB)
...
007 (26372516.000.000) 06/03 14:02:38 Shadow exception!
	Error from slot1_15@node114.icecube.wisc.edu: Policy violation. Memory limit exceeded: requested 1000MB, used 1504MB.
	0  -  Run Bytes Sent By Job
	0  -  Run Bytes Received By Job
...
012 (26372516.000.000) 06/03 14:02:38 Job was held.
	Error from slot1_15@node114.icecube.wisc.edu: Policy violation. Memory limit exceeded: requested 1000MB, used 1504MB.
	Code 21 Subcode 1001
...
009 (26372516.000.000) 06/03 16:16:55 Job was aborted by the user.
	via condor_rm (by user amedina)
...
000 (26384435.000.000) 06/03 16:18:31 Job submitted from host: <10.128.11.86:22112?addrs=10.128.11.86-22112>
...
001 (26384435.000.000) 06/03 16:20:34 Job executing on host: <10.128.10.24:41092?addrs=10.128.10.24-41092>
...
006 (26384435.000.000) 06/03 16:20:43 Image size of job updated: 23736
	17  -  MemoryUsage of job (MB)
	16904  -  ResidentSetSize of job (KB)
...
006 (26384435.000.000) 06/03 16:25:43 Image size of job updated: 2599072
	2528  -  MemoryUsage of job (MB)
	2587780  -  ResidentSetSize of job (KB)
...
006 (26384435.000.000) 06/03 16:30:43 Image size of job updated: 3536820
	3443  -  MemoryUsage of job (MB)
	3525496  -  ResidentSetSize of job (KB)
...
006 (26384435.000.000) 06/03 16:35:44 Image size of job updated: 4297332
	4186  -  MemoryUsage of job (MB)
	4286008  -  ResidentSetSize of job (KB)
...
006 (26384435.000.000) 06/03 16:40:44 Image size of job updated: 4562176
	4445  -  MemoryUsage of job (MB)
	4550852  -  ResidentSetSize of job (KB)
...
006 (26384435.000.000) 06/03 16:45:44 Image size of job updated: 5131824
	5001  -  MemoryUsage of job (MB)
	5120500  -  ResidentSetSize of job (KB)
...
006 (26384435.000.000) 06/03 16:50:45 Image size of job updated: 5883556
	5735  -  MemoryUsage of job (MB)
	5872232  -  ResidentSetSize of job (KB)
...
006 (26384435.000.000) 06/03 16:55:46 Image size of job updated: 6429616
	6268  -  MemoryUsage of job (MB)
	6418292  -  ResidentSetSize of job (KB)
...
006 (26384435.000.000) 06/03 17:00:46 Image size of job updated: 7026760
	6852  -  MemoryUsage of job (MB)
	7015436  -  ResidentSetSize of job (KB)
...
006 (26384435.000.000) 06/03 17:05:47 Image size of job updated: 7590428
	7402  -  MemoryUsage of job (MB)
	7579104  -  ResidentSetSize of job (KB)
...
006 (26384435.000.000) 06/03 17:10:48 Image size of job updated: 8099508
	7899  -  MemoryUsage of job (MB)
	8088544  -  ResidentSetSize of job (KB)
...
006 (26384435.000.000) 06/03 17:15:48 Image size of job updated: 8820888
	8604  -  MemoryUsage of job (MB)
	8809924  -  ResidentSetSize of job (KB)
...
006 (26384435.000.000) 06/03 17:20:49 Image size of job updated: 9360520
	9131  -  MemoryUsage of job (MB)
	9349556  -  ResidentSetSize of job (KB)
...
006 (26384435.000.000) 06/03 17:25:50 Image size of job updated: 10099512
	9853  -  MemoryUsage of job (MB)
	10088548  -  ResidentSetSize of job (KB)
...
006 (26384435.000.000) 06/03 17:30:50 Image size of job updated: 10625092
	10366  -  MemoryUsage of job (MB)
	10614128  -  ResidentSetSize of job (KB)
...
006 (26384435.000.000) 06/03 17:35:50 Image size of job updated: 11168508
	10897  -  MemoryUsage of job (MB)
	11157544  -  ResidentSetSize of job (KB)
...
006 (26384435.000.000) 06/03 17:40:51 Image size of job updated: 11728708
	11444  -  MemoryUsage of job (MB)
	11717744  -  ResidentSetSize of job (KB)
...
006 (26384435.000.000) 06/03 17:45:51 Image size of job updated: 12374992
	12075  -  MemoryUsage of job (MB)
	12364028  -  ResidentSetSize of job (KB)
...
006 (26384435.000.000) 06/03 17:50:51 Image size of job updated: 13046876
	12731  -  MemoryUsage of job (MB)
	13035912  -  ResidentSetSize of job (KB)
...
006 (26384435.000.000) 06/03 17:55:52 Image size of job updated: 13671192
	13341  -  MemoryUsage of job (MB)
	13660228  -  ResidentSetSize of job (KB)
...
006 (26384435.000.000) 06/03 18:00:53 Image size of job updated: 14114344
	13773  -  MemoryUsage of job (MB)
	14103380  -  ResidentSetSize of job (KB)
...
006 (26384435.000.000) 06/03 18:05:53 Image size of job updated: 14654340
	14301  -  MemoryUsage of job (MB)
	14643376  -  ResidentSetSize of job (KB)
...
006 (26384435.000.000) 06/03 18:10:54 Image size of job updated: 15359668
	14989  -  MemoryUsage of job (MB)
	15348640  -  ResidentSetSize of job (KB)
...
006 (26384435.000.000) 06/03 18:15:55 Image size of job updated: 16038264
	15652  -  MemoryUsage of job (MB)
	16027236  -  ResidentSetSize of job (KB)
...
007 (26384435.000.000) 06/03 18:19:09 Shadow exception!
	Error from slot1_5@node024.icecube.wisc.edu: Policy violation. Memory limit exceeded: requested 10000MB, used 16007MB.
	0  -  Run Bytes Sent By Job
	0  -  Run Bytes Received By Job
...
012 (26384435.000.000) 06/03 18:19:09 Job was held.
	Error from slot1_5@node024.icecube.wisc.edu: Policy violation. Memory limit exceeded: requested 10000MB, used 16007MB.
	Code 21 Subcode 1001
...
009 (26384435.000.000) 06/04 00:17:02 Job was aborted by the user.
	via condor_rm (by user condor)
...
000 (26393804.000.000) 06/04 12:41:08 Job submitted from host: <10.128.11.86:22112?addrs=10.128.11.86-22112>
...
009 (26393804.000.000) 06/04 13:05:26 Job was aborted by the user.
	via condor_rm (by user amedina)
...
